09:02:57 [DEBUG] mise::cli: ARGS: /home/cno_ubuntu/.local/bin/mise hook-env -s bash
09:02:57 [DEBUG] mise::config: Config {
    Config Files: [
        "~/golang_programs/team/ormus/ormus/.mise.toml",
    ],
    Env: {
        "GO_ENV": "GOLANG_MISE",
        "MISE_USE_TOML": "1",
        "RUST_BACKTRACE": "0",
        "MISE_VERBOSE": "0",
        "MISE_LOG_FILE": "./mise.log",
        "MISE_LOG_FILE_LEVEL": "debug",
        "MISE_DEBUG": "0",
        "MISE_QUIET": "1",
        "MISE_ERORR": "1",
        "MISE_TRACE": "0",
    },
}
09:03:10 [DEBUG] mise::cli: ARGS: /home/cno_ubuntu/.local/bin/mise hook-env -s bash
09:03:10 [DEBUG] mise::config: Config {
    Config Files: [
        "~/golang_programs/team/ormus/ormus/.mise.toml",
    ],
    Env: {
        "GO_ENV": "GOLANG_MISE",
        "MISE_USE_TOML": "1",
        "RUST_BACKTRACE": "0",
        "MISE_VERBOSE": "0",
        "MISE_LOG_FILE": "./mise.log",
        "MISE_LOG_FILE_LEVEL": "debug",
        "MISE_DEBUG": "0",
        "MISE_QUIET": "1",
        "MISE_ERORR": "1",
        "MISE_TRACE": "0",
    },
}
09:03:10 [DEBUG] mise::toolset::builder: Toolset: go@1.21.4, protoc@25.1
09:03:41 [DEBUG] mise::cli: ARGS: /home/cno_ubuntu/.local/bin/mise hook-env -s bash
09:03:41 [DEBUG] mise::config: Config {
    Config Files: [
        "~/golang_programs/team/ormus/ormus/.mise.toml",
    ],
    Env: {
        "GO_ENV": "GOLANG_MISE",
        "MISE_USE_TOML": "1",
        "RUST_BACKTRACE": "0",
        "MISE_VERBOSE": "0",
        "MISE_LOG_FILE": "./mise.log",
        "MISE_LOG_FILE_LEVEL": "debug",
        "MISE_DEBUG": "0",
        "MISE_QUIET": "1",
        "MISE_ERORR": "1",
        "MISE_TRACE": "0",
    },
}
09:04:03 [DEBUG] mise::cli: ARGS: /home/cno_ubuntu/.local/bin/mise hook-env -s bash
09:04:03 [DEBUG] mise::config: Config {
    Config Files: [
        "~/golang_programs/team/ormus/ormus/.mise.toml",
    ],
    Env: {
        "GO_ENV": "GOLANG_MISE",
        "MISE_USE_TOML": "1",
        "RUST_BACKTRACE": "0",
        "MISE_VERBOSE": "0",
        "MISE_LOG_FILE": "./mise.log",
        "MISE_LOG_FILE_LEVEL": "debug",
        "MISE_DEBUG": "0",
        "MISE_QUIET": "1",
        "MISE_ERORR": "1",
        "MISE_TRACE": "0",
    },
}
09:10:57 [DEBUG] mise::cli: ARGS: /home/cno_ubuntu/.local/bin/mise hook-env -s bash
09:10:57 [DEBUG] mise::config: Config {
    Config Files: [
        "~/golang_programs/team/ormus/ormus/.mise.toml",
    ],
    Env: {
        "GO_ENV": "GOLANG_MISE",
        "MISE_USE_TOML": "1",
        "RUST_BACKTRACE": "0",
        "MISE_VERBOSE": "0",
        "MISE_LOG_FILE": "./mise.log",
        "MISE_LOG_FILE_LEVEL": "debug",
        "MISE_DEBUG": "0",
        "MISE_QUIET": "1",
        "MISE_ERORR": "1",
        "MISE_TRACE": "0",
    },
}
09:11:00 [DEBUG] mise::cli: ARGS: /home/cno_ubuntu/.local/bin/mise hook-env -s bash
09:11:00 [DEBUG] mise::config: Config {
    Config Files: [
        "~/golang_programs/team/ormus/ormus/.mise.toml",
    ],
    Env: {
        "GO_ENV": "GOLANG_MISE",
        "MISE_USE_TOML": "1",
        "RUST_BACKTRACE": "0",
        "MISE_VERBOSE": "0",
        "MISE_LOG_FILE": "./mise.log",
        "MISE_LOG_FILE_LEVEL": "debug",
        "MISE_DEBUG": "0",
        "MISE_QUIET": "1",
        "MISE_ERORR": "1",
        "MISE_TRACE": "0",
    },
}
09:17:00 [DEBUG] mise::cli: ARGS: /home/cno_ubuntu/.local/bin/mise hook-env -s bash
09:17:00 [DEBUG] mise::config: Config {
    Config Files: [
        "~/golang_programs/team/ormus/ormus/.mise.toml",
    ],
    Env: {
        "GO_ENV": "GOLANG_MISE",
        "MISE_USE_TOML": "1",
        "RUST_BACKTRACE": "0",
        "MISE_VERBOSE": "0",
        "MISE_LOG_FILE": "./mise.log",
        "MISE_LOG_FILE_LEVEL": "debug",
        "MISE_DEBUG": "0",
        "MISE_QUIET": "1",
        "MISE_ERORR": "1",
        "MISE_TRACE": "0",
    },
}
09:17:13 [DEBUG] mise::cli: ARGS: /home/cno_ubuntu/.local/bin/mise hook-not-found -s bash -- :sparkles:
09:17:13 [DEBUG] mise::config: Config {
    Config Files: [
        "~/golang_programs/team/ormus/ormus/.mise.toml",
    ],
    Env: {
        "GO_ENV": "GOLANG_MISE",
        "MISE_USE_TOML": "1",
        "RUST_BACKTRACE": "0",
        "MISE_VERBOSE": "0",
        "MISE_LOG_FILE": "./mise.log",
        "MISE_LOG_FILE_LEVEL": "debug",
        "MISE_DEBUG": "0",
        "MISE_QUIET": "1",
        "MISE_ERORR": "1",
        "MISE_TRACE": "0",
    },
}
09:17:13 [DEBUG] mise::toolset::builder: Toolset: go@1.21.4, protoc@25.1
09:17:13 [DEBUG] mise::cli: ARGS: /home/cno_ubuntu/.local/bin/mise hook-env -s bash
09:17:13 [DEBUG] mise::config: Config {
    Config Files: [
        "~/golang_programs/team/ormus/ormus/.mise.toml",
    ],
    Env: {
        "GO_ENV": "GOLANG_MISE",
        "MISE_USE_TOML": "1",
        "RUST_BACKTRACE": "0",
        "MISE_VERBOSE": "0",
        "MISE_LOG_FILE": "./mise.log",
        "MISE_LOG_FILE_LEVEL": "debug",
        "MISE_DEBUG": "0",
        "MISE_QUIET": "1",
        "MISE_ERORR": "1",
        "MISE_TRACE": "0",
    },
}
09:18:46 [DEBUG] mise::cli: ARGS: /home/cno_ubuntu/.local/bin/mise hook-env -s bash
09:18:46 [DEBUG] mise::config: Config {
    Config Files: [
        "~/golang_programs/team/ormus/ormus/.mise.toml",
    ],
    Env: {
        "GO_ENV": "GOLANG_MISE",
        "MISE_USE_TOML": "1",
        "RUST_BACKTRACE": "0",
        "MISE_VERBOSE": "0",
        "MISE_LOG_FILE": "./mise.log",
        "MISE_LOG_FILE_LEVEL": "debug",
        "MISE_DEBUG": "0",
        "MISE_QUIET": "1",
        "MISE_ERORR": "1",
        "MISE_TRACE": "0",
    },
}
09:22:04 [DEBUG] mise::cli: ARGS: /home/cno_ubuntu/.local/bin/mise hook-env -s bash
09:22:04 [DEBUG] mise::config: Config {
    Config Files: [
        "~/golang_programs/team/ormus/ormus/.mise.toml",
    ],
    Env: {
        "GO_ENV": "GOLANG_MISE",
        "MISE_USE_TOML": "1",
        "RUST_BACKTRACE": "0",
        "MISE_VERBOSE": "0",
        "MISE_LOG_FILE": "./mise.log",
        "MISE_LOG_FILE_LEVEL": "debug",
        "MISE_DEBUG": "0",
        "MISE_QUIET": "1",
        "MISE_ERORR": "1",
        "MISE_TRACE": "0",
    },
}
19:39:30 [DEBUG] mise::cli: ARGS: /home/cno_ubuntu/.local/bin/mise hook-env -s bash
19:39:30 [DEBUG] mise::config: Config {
    Config Files: [
        "~/golang_programs/team/ormus/ormus/.mise.toml",
    ],
    Env: {
        "GO_ENV": "GOLANG_MISE",
        "MISE_USE_TOML": "1",
        "RUST_BACKTRACE": "0",
        "MISE_VERBOSE": "0",
        "MISE_LOG_FILE": "./mise.log",
        "MISE_LOG_FILE_LEVEL": "debug",
        "MISE_DEBUG": "0",
        "MISE_QUIET": "1",
        "MISE_ERORR": "1",
        "MISE_TRACE": "0",
    },
}
19:39:44 [DEBUG] mise::cli: ARGS: /home/cno_ubuntu/.local/bin/mise hook-env -s bash
19:39:44 [DEBUG] mise::config: Config {
    Config Files: [
        "~/golang_programs/team/ormus/ormus/.mise.toml",
    ],
    Env: {
        "GO_ENV": "GOLANG_MISE",
        "MISE_USE_TOML": "1",
        "RUST_BACKTRACE": "0",
        "MISE_VERBOSE": "0",
        "MISE_LOG_FILE": "./mise.log",
        "MISE_LOG_FILE_LEVEL": "debug",
        "MISE_DEBUG": "0",
        "MISE_QUIET": "1",
        "MISE_ERORR": "1",
        "MISE_TRACE": "0",
    },
}
19:39:57 [DEBUG] mise::cli: ARGS: /home/cno_ubuntu/.local/bin/mise hook-env -s bash
19:39:57 [DEBUG] mise::config: Config {
    Config Files: [
        "~/golang_programs/team/ormus/ormus/.mise.toml",
    ],
    Env: {
        "GO_ENV": "GOLANG_MISE",
        "MISE_USE_TOML": "1",
        "RUST_BACKTRACE": "0",
        "MISE_VERBOSE": "0",
        "MISE_LOG_FILE": "./mise.log",
        "MISE_LOG_FILE_LEVEL": "debug",
        "MISE_DEBUG": "0",
        "MISE_QUIET": "1",
        "MISE_ERORR": "1",
        "MISE_TRACE": "0",
    },
}
19:40:03 [DEBUG] mise::cli: ARGS: /home/cno_ubuntu/.local/bin/mise hook-env -s bash
19:40:03 [DEBUG] mise::config: Config {
    Config Files: [
        "~/golang_programs/team/ormus/ormus/.mise.toml",
    ],
    Env: {
        "GO_ENV": "GOLANG_MISE",
        "MISE_USE_TOML": "1",
        "RUST_BACKTRACE": "0",
        "MISE_VERBOSE": "0",
        "MISE_LOG_FILE": "./mise.log",
        "MISE_LOG_FILE_LEVEL": "debug",
        "MISE_DEBUG": "0",
        "MISE_QUIET": "1",
        "MISE_ERORR": "1",
        "MISE_TRACE": "0",
    },
}
19:56:19 [DEBUG] mise::cli: ARGS: /home/cno_ubuntu/.local/bin/mise hook-env -s bash
19:56:19 [DEBUG] mise::config: Config {
    Config Files: [
        "~/golang_programs/team/ormus/ormus/.mise.toml",
    ],
    Env: {
        "GO_ENV": "GOLANG_MISE",
        "MISE_USE_TOML": "1",
        "RUST_BACKTRACE": "0",
        "MISE_VERBOSE": "0",
        "MISE_LOG_FILE": "./mise.log",
        "MISE_LOG_FILE_LEVEL": "debug",
        "MISE_DEBUG": "0",
        "MISE_QUIET": "1",
        "MISE_ERORR": "1",
        "MISE_TRACE": "0",
    },
}
19:57:56 [DEBUG] mise::cli: ARGS: /home/cno_ubuntu/.local/bin/mise hook-env -s bash
19:57:56 [DEBUG] mise::config: Config {
    Config Files: [
        "~/golang_programs/team/ormus/ormus/.mise.toml",
    ],
    Env: {
        "GO_ENV": "GOLANG_MISE",
        "MISE_USE_TOML": "1",
        "RUST_BACKTRACE": "0",
        "MISE_VERBOSE": "0",
        "MISE_LOG_FILE": "./mise.log",
        "MISE_LOG_FILE_LEVEL": "debug",
        "MISE_DEBUG": "0",
        "MISE_QUIET": "1",
        "MISE_ERORR": "1",
        "MISE_TRACE": "0",
    },
}
20:04:36 [DEBUG] mise::cli: ARGS: /home/cno_ubuntu/.local/bin/mise hook-env -s bash
20:04:36 [DEBUG] mise::config: Config {
    Config Files: [
        "~/golang_programs/team/ormus/ormus/.mise.toml",
    ],
    Env: {
        "GO_ENV": "GOLANG_MISE",
        "MISE_USE_TOML": "1",
        "RUST_BACKTRACE": "0",
        "MISE_VERBOSE": "0",
        "MISE_LOG_FILE": "./mise.log",
        "MISE_LOG_FILE_LEVEL": "debug",
        "MISE_DEBUG": "0",
        "MISE_QUIET": "1",
        "MISE_ERORR": "1",
        "MISE_TRACE": "0",
    },
}
20:05:17 [DEBUG] mise::cli: ARGS: /home/cno_ubuntu/.local/bin/mise hook-env -s bash
20:05:17 [DEBUG] mise::config: Config {
    Config Files: [
        "~/golang_programs/team/ormus/ormus/.mise.toml",
    ],
    Env: {
        "GO_ENV": "GOLANG_MISE",
        "MISE_USE_TOML": "1",
        "RUST_BACKTRACE": "0",
        "MISE_VERBOSE": "0",
        "MISE_LOG_FILE": "./mise.log",
        "MISE_LOG_FILE_LEVEL": "debug",
        "MISE_DEBUG": "0",
        "MISE_QUIET": "1",
        "MISE_ERORR": "1",
        "MISE_TRACE": "0",
    },
}
20:07:08 [DEBUG] mise::cli: ARGS: /home/cno_ubuntu/.local/bin/mise hook-env -s bash
20:07:08 [DEBUG] mise::config: Config {
    Config Files: [
        "~/golang_programs/team/ormus/ormus/.mise.toml",
    ],
    Env: {
        "GO_ENV": "GOLANG_MISE",
        "MISE_USE_TOML": "1",
        "RUST_BACKTRACE": "0",
        "MISE_VERBOSE": "0",
        "MISE_LOG_FILE": "./mise.log",
        "MISE_LOG_FILE_LEVEL": "debug",
        "MISE_DEBUG": "0",
        "MISE_QUIET": "1",
        "MISE_ERORR": "1",
        "MISE_TRACE": "0",
    },
}
20:07:40 [DEBUG] mise::cli: ARGS: /home/cno_ubuntu/.local/bin/mise hook-env -s bash
20:07:40 [DEBUG] mise::config: Config {
    Config Files: [
        "~/golang_programs/team/ormus/ormus/.mise.toml",
    ],
    Env: {
        "GO_ENV": "GOLANG_MISE",
        "MISE_USE_TOML": "1",
        "RUST_BACKTRACE": "0",
        "MISE_VERBOSE": "0",
        "MISE_LOG_FILE": "./mise.log",
        "MISE_LOG_FILE_LEVEL": "debug",
        "MISE_DEBUG": "0",
        "MISE_QUIET": "1",
        "MISE_ERORR": "1",
        "MISE_TRACE": "0",
    },
}
20:08:05 [DEBUG] mise::cli: ARGS: /home/cno_ubuntu/.local/bin/mise hook-env -s bash
20:08:05 [DEBUG] mise::config: Config {
    Config Files: [
        "~/golang_programs/team/ormus/ormus/.mise.toml",
    ],
    Env: {
        "GO_ENV": "GOLANG_MISE",
        "MISE_USE_TOML": "1",
        "RUST_BACKTRACE": "0",
        "MISE_VERBOSE": "0",
        "MISE_LOG_FILE": "./mise.log",
        "MISE_LOG_FILE_LEVEL": "debug",
        "MISE_DEBUG": "0",
        "MISE_QUIET": "1",
        "MISE_ERORR": "1",
        "MISE_TRACE": "0",
    },
}
20:09:24 [DEBUG] mise::cli: ARGS: /home/cno_ubuntu/.local/bin/mise hook-env -s bash
20:09:24 [DEBUG] mise::config: Config {
    Config Files: [
        "~/golang_programs/team/ormus/ormus/.mise.toml",
    ],
    Env: {
        "GO_ENV": "GOLANG_MISE",
        "MISE_USE_TOML": "1",
        "RUST_BACKTRACE": "0",
        "MISE_VERBOSE": "0",
        "MISE_LOG_FILE": "./mise.log",
        "MISE_LOG_FILE_LEVEL": "debug",
        "MISE_DEBUG": "0",
        "MISE_QUIET": "1",
        "MISE_ERORR": "1",
        "MISE_TRACE": "0",
    },
}
20:09:25 [DEBUG] mise::cli: ARGS: /home/cno_ubuntu/.local/bin/mise hook-env -s bash
20:09:25 [DEBUG] mise::config: Config {
    Config Files: [
        "~/golang_programs/team/ormus/ormus/.mise.toml",
    ],
    Env: {
        "GO_ENV": "GOLANG_MISE",
        "MISE_USE_TOML": "1",
        "RUST_BACKTRACE": "0",
        "MISE_VERBOSE": "0",
        "MISE_LOG_FILE": "./mise.log",
        "MISE_LOG_FILE_LEVEL": "debug",
        "MISE_DEBUG": "0",
        "MISE_QUIET": "1",
        "MISE_ERORR": "1",
        "MISE_TRACE": "0",
    },
}
20:13:17 [DEBUG] mise::cli: ARGS: /home/cno_ubuntu/.local/bin/mise hook-env -s bash
20:13:17 [DEBUG] mise::config: Config {
    Config Files: [
        "~/golang_programs/team/ormus/ormus/.mise.toml",
    ],
    Env: {
        "GO_ENV": "GOLANG_MISE",
        "MISE_USE_TOML": "1",
        "RUST_BACKTRACE": "0",
        "MISE_VERBOSE": "0",
        "MISE_LOG_FILE": "./mise.log",
        "MISE_LOG_FILE_LEVEL": "debug",
        "MISE_DEBUG": "0",
        "MISE_QUIET": "1",
        "MISE_ERORR": "1",
        "MISE_TRACE": "0",
    },
}
20:17:55 [DEBUG] mise::cli: ARGS: /home/cno_ubuntu/.local/bin/mise hook-env -s bash
20:17:55 [DEBUG] mise::config: Config {
    Config Files: [
        "~/golang_programs/team/ormus/ormus/.mise.toml",
    ],
    Env: {
        "GO_ENV": "GOLANG_MISE",
        "MISE_USE_TOML": "1",
        "RUST_BACKTRACE": "0",
        "MISE_VERBOSE": "0",
        "MISE_LOG_FILE": "./mise.log",
        "MISE_LOG_FILE_LEVEL": "debug",
        "MISE_DEBUG": "0",
        "MISE_QUIET": "1",
        "MISE_ERORR": "1",
        "MISE_TRACE": "0",
    },
}
20:19:26 [DEBUG] mise::cli: ARGS: /home/cno_ubuntu/.local/bin/mise hook-env -s bash
20:19:26 [DEBUG] mise::config: Config {
    Config Files: [
        "~/golang_programs/team/ormus/ormus/.mise.toml",
    ],
    Env: {
        "GO_ENV": "GOLANG_MISE",
        "MISE_USE_TOML": "1",
        "RUST_BACKTRACE": "0",
        "MISE_VERBOSE": "0",
        "MISE_LOG_FILE": "./mise.log",
        "MISE_LOG_FILE_LEVEL": "debug",
        "MISE_DEBUG": "0",
        "MISE_QUIET": "1",
        "MISE_ERORR": "1",
        "MISE_TRACE": "0",
    },
}
20:19:26 [DEBUG] mise::cli: ARGS: /home/cno_ubuntu/.local/bin/mise hook-env -s bash
20:19:26 [DEBUG] mise::config: Config {
    Config Files: [
        "~/golang_programs/team/ormus/ormus/.mise.toml",
    ],
    Env: {
        "GO_ENV": "GOLANG_MISE",
        "MISE_USE_TOML": "1",
        "RUST_BACKTRACE": "0",
        "MISE_VERBOSE": "0",
        "MISE_LOG_FILE": "./mise.log",
        "MISE_LOG_FILE_LEVEL": "debug",
        "MISE_DEBUG": "0",
        "MISE_QUIET": "1",
        "MISE_ERORR": "1",
        "MISE_TRACE": "0",
    },
}
07:22:11 [DEBUG] mise::cli: ARGS: /home/cno_ubuntu/.local/bin/mise hook-env -s bash
07:22:20 [DEBUG] mise::cli: ARGS: /home/cno_ubuntu/.local/bin/mise hook-env -s bash
07:23:00 [DEBUG] mise::cli: ARGS: /home/cno_ubuntu/.local/bin/mise hook-env -s bash
07:23:00 [DEBUG] mise::config: Config {
    Config Files: [
        "~/golang_programs/team/ormus/ormus/.rtx.toml",
    ],
    Env: {
        "GO_ENV": "GOLANG_RTX",
        "RTX_DEBUG": "0",
        "RTX_USE_TOML": "0",
        "RTX_LOG_FILE": "./rtx.log",
        "RTX_VERBOSE": "1",
    },
}
07:23:00 [DEBUG] mise::toolset::builder: Toolset: go@1.21.4, protoc@25.1
21:16:05 [DEBUG] mise::cli: ARGS: /home/cno_ubuntu/.local/bin/mise hook-env -s bash
21:16:05 [DEBUG] mise::config: Config {
    Config Files: [
        "~/golang_programs/team/ormus/ormus/.mise.toml",
        "~/golang_programs/team/ormus/ormus/.rtx.toml",
    ],
    Env: {
        "GO_ENV": "GOLANG_MISE",
        "RTX_DEBUG": "0",
        "RTX_USE_TOML": "0",
        "RTX_LOG_FILE": "./rtx.log",
        "RTX_VERBOSE": "1",
        "MISE_USE_TOML": "1",
        "RUST_BACKTRACE": "0",
        "MISE_VERBOSE": "0",
        "MISE_LOG_FILE": "./mise.log",
        "MISE_LOG_FILE_LEVEL": "debug",
        "MISE_DEBUG": "0",
        "MISE_QUIET": "1",
        "MISE_ERORR": "1",
        "MISE_TRACE": "0",
    },
}
21:16:05 [DEBUG] mise::toolset::builder: Toolset: go@1.21.4, protoc@25.1
21:16:36 [DEBUG] mise::cli: ARGS: /home/cno_ubuntu/.local/bin/mise hook-env -s bash
21:16:36 [DEBUG] mise::config: Config {
    Config Files: [
        "~/golang_programs/team/ormus/ormus/.mise.toml",
    ],
    Env: {
        "GO_ENV": "GOLANG_MISE",
        "MISE_USE_TOML": "1",
        "RUST_BACKTRACE": "0",
        "MISE_VERBOSE": "0",
        "MISE_LOG_FILE": "./mise.log",
        "MISE_LOG_FILE_LEVEL": "debug",
        "MISE_DEBUG": "0",
        "MISE_QUIET": "1",
        "MISE_ERORR": "1",
        "MISE_TRACE": "0",
    },
}
21:16:36 [DEBUG] mise::toolset::builder: Toolset: go@1.21.4, protoc@25.1
21:16:40 [DEBUG] mise::cli: ARGS: /home/cno_ubuntu/.local/bin/mise hook-env -s bash
21:16:40 [DEBUG] mise::config: Config {
    Config Files: [
        "~/golang_programs/team/ormus/ormus/.mise.toml",
    ],
    Env: {
        "GO_ENV": "GOLANG_MISE",
        "MISE_USE_TOML": "1",
        "RUST_BACKTRACE": "0",
        "MISE_VERBOSE": "0",
        "MISE_LOG_FILE": "./mise.log",
        "MISE_LOG_FILE_LEVEL": "debug",
        "MISE_DEBUG": "0",
        "MISE_QUIET": "1",
        "MISE_ERORR": "1",
        "MISE_TRACE": "0",
    },
}
21:16:45 [DEBUG] mise::cli: ARGS: /home/cno_ubuntu/.local/bin/mise hook-env -s bash
21:16:45 [DEBUG] mise::config: Config {
    Config Files: [
        "~/golang_programs/team/ormus/ormus/.mise.toml",
    ],
    Env: {
        "GO_ENV": "GOLANG_MISE",
        "MISE_USE_TOML": "1",
        "RUST_BACKTRACE": "0",
        "MISE_VERBOSE": "0",
        "MISE_LOG_FILE": "./mise.log",
        "MISE_LOG_FILE_LEVEL": "debug",
        "MISE_DEBUG": "0",
        "MISE_QUIET": "1",
        "MISE_ERORR": "1",
        "MISE_TRACE": "0",
    },
}
21:16:50 [DEBUG] mise::cli: ARGS: /home/cno_ubuntu/.local/bin/mise hook-env -s bash
21:16:50 [DEBUG] mise::config: Config {
    Config Files: [
        "~/golang_programs/team/ormus/ormus/.mise.toml",
    ],
    Env: {
        "GO_ENV": "GOLANG_MISE",
        "MISE_USE_TOML": "1",
        "RUST_BACKTRACE": "0",
        "MISE_VERBOSE": "0",
        "MISE_LOG_FILE": "./mise.log",
        "MISE_LOG_FILE_LEVEL": "debug",
        "MISE_DEBUG": "0",
        "MISE_QUIET": "1",
        "MISE_ERORR": "1",
        "MISE_TRACE": "0",
    },
}
21:17:01 [DEBUG] mise::cli: ARGS: /home/cno_ubuntu/.local/bin/mise hook-env -s bash
21:17:01 [DEBUG] mise::config: Config {
    Config Files: [
        "~/golang_programs/team/ormus/ormus/.mise.toml",
    ],
    Env: {
        "GO_ENV": "GOLANG_MISE",
        "MISE_USE_TOML": "1",
        "RUST_BACKTRACE": "0",
        "MISE_VERBOSE": "0",
        "MISE_LOG_FILE": "./mise.log",
        "MISE_LOG_FILE_LEVEL": "debug",
        "MISE_DEBUG": "0",
        "MISE_QUIET": "1",
        "MISE_ERORR": "1",
        "MISE_TRACE": "0",
    },
}
21:17:06 [DEBUG] mise::cli: ARGS: /home/cno_ubuntu/.local/bin/mise hook-env -s bash
21:17:06 [DEBUG] mise::config: Config {
    Config Files: [
        "~/golang_programs/team/ormus/ormus/.mise.toml",
    ],
    Env: {
        "GO_ENV": "GOLANG_MISE",
        "MISE_USE_TOML": "1",
        "RUST_BACKTRACE": "0",
        "MISE_VERBOSE": "0",
        "MISE_LOG_FILE": "./mise.log",
        "MISE_LOG_FILE_LEVEL": "debug",
        "MISE_DEBUG": "0",
        "MISE_QUIET": "1",
        "MISE_ERORR": "1",
        "MISE_TRACE": "0",
    },
}
21:17:08 [DEBUG] mise::cli: ARGS: /home/cno_ubuntu/.local/bin/mise hook-env -s bash
21:17:08 [DEBUG] mise::config: Config {
    Config Files: [
        "~/golang_programs/team/ormus/ormus/.mise.toml",
    ],
    Env: {
        "GO_ENV": "GOLANG_MISE",
        "MISE_USE_TOML": "1",
        "RUST_BACKTRACE": "0",
        "MISE_VERBOSE": "0",
        "MISE_LOG_FILE": "./mise.log",
        "MISE_LOG_FILE_LEVEL": "debug",
        "MISE_DEBUG": "0",
        "MISE_QUIET": "1",
        "MISE_ERORR": "1",
        "MISE_TRACE": "0",
    },
}
21:17:09 [DEBUG] mise::cli: ARGS: /home/cno_ubuntu/.local/bin/mise hook-env -s bash
21:17:09 [DEBUG] mise::config: Config {
    Config Files: [
        "~/golang_programs/team/ormus/ormus/.mise.toml",
    ],
    Env: {
        "GO_ENV": "GOLANG_MISE",
        "MISE_USE_TOML": "1",
        "RUST_BACKTRACE": "0",
        "MISE_VERBOSE": "0",
        "MISE_LOG_FILE": "./mise.log",
        "MISE_LOG_FILE_LEVEL": "debug",
        "MISE_DEBUG": "0",
        "MISE_QUIET": "1",
        "MISE_ERORR": "1",
        "MISE_TRACE": "0",
    },
}
21:17:10 [DEBUG] mise::cli: ARGS: /home/cno_ubuntu/.local/bin/mise hook-env -s bash
21:17:10 [DEBUG] mise::config: Config {
    Config Files: [
        "~/golang_programs/team/ormus/ormus/.mise.toml",
    ],
    Env: {
        "GO_ENV": "GOLANG_MISE",
        "MISE_USE_TOML": "1",
        "RUST_BACKTRACE": "0",
        "MISE_VERBOSE": "0",
        "MISE_LOG_FILE": "./mise.log",
        "MISE_LOG_FILE_LEVEL": "debug",
        "MISE_DEBUG": "0",
        "MISE_QUIET": "1",
        "MISE_ERORR": "1",
        "MISE_TRACE": "0",
    },
}
21:17:16 [DEBUG] mise::cli: ARGS: /home/cno_ubuntu/.local/bin/mise hook-env -s bash
21:17:16 [DEBUG] mise::config: Config {
    Config Files: [
        "~/golang_programs/team/ormus/ormus/.mise.toml",
    ],
    Env: {
        "GO_ENV": "GOLANG_MISE",
        "MISE_USE_TOML": "1",
        "RUST_BACKTRACE": "0",
        "MISE_VERBOSE": "0",
        "MISE_LOG_FILE": "./mise.log",
        "MISE_LOG_FILE_LEVEL": "debug",
        "MISE_DEBUG": "0",
        "MISE_QUIET": "1",
        "MISE_ERORR": "1",
        "MISE_TRACE": "0",
    },
}
21:17:33 [DEBUG] mise::cli: ARGS: /home/cno_ubuntu/.local/bin/mise hook-env -s bash
21:17:33 [DEBUG] mise::config: Config {
    Config Files: [
        "~/golang_programs/team/ormus/ormus/.mise.toml",
    ],
    Env: {
        "GO_ENV": "GOLANG_MISE",
        "MISE_USE_TOML": "1",
        "RUST_BACKTRACE": "0",
        "MISE_VERBOSE": "0",
        "MISE_LOG_FILE_LEVEL": "debug",
        "MISE_DEBUG": "0",
        "MISE_QUIET": "1",
        "MISE_ERORR": "1",
        "MISE_TRACE": "0",
    },
}
21:17:33 [DEBUG] mise::toolset::builder: Toolset: go@1.21.4, protoc@25.1
